2025-07-28 21:04:34 info: GET /api/events
2025-07-28 21:05:40 info: GET /api/events
2025-07-28 21:07:32 info: GET /api/events
2025-07-28 21:07:48 info: GET /api/events
2025-07-28 21:08:01 info: GET /api/events
2025-07-28 21:08:29 info: GET /api/events
2025-07-28 21:08:46 info: GET /api/events
2025-07-28 21:08:55 info: GET /api/events
2025-07-28 21:09:17 info: GET /api/events
2025-07-28 21:09:51 info: GET /api/events
2025-07-28 21:10:59 info: GET /api/events
2025-07-28 21:30:36 info: GET /api/events
2025-07-29 14:38:58 info: GET /api/events
2025-07-29 14:39:54 info: GET /api/events
2025-07-29 14:39:56 info: GET /api/events
2025-07-29 14:40:03 info: GET /api/events
2025-07-29 14:40:38 info: GET /api/events
2025-07-29 14:42:54 info: GET /api/events
2025-07-29 14:44:01 info: GET /api/events
2025-07-29 14:44:10 info: GET /api/events
2025-07-29 14:44:10 info: GET /api/events
2025-07-29 14:44:11 info: GET /api/events
2025-07-29 14:44:17 info: GET /api/events
2025-07-29 14:45:21 info: GET /api/events
2025-07-29 14:45:21 info: GET /api/events
2025-07-29 14:50:17 info: GET /api/events/1
2025-07-29 14:50:18 info: GET /api/events/1
2025-07-29 14:50:28 info: GET /api/events/1
2025-07-29 14:50:29 info: GET /api/events/1
2025-07-29 14:51:28 info: GET /api/events
2025-07-29 14:53:05 info: GET /api/events/1
2025-07-29 14:57:06 info: GET /api/events
2025-07-29 14:57:07 info: GET /api/events
2025-07-29 14:57:14 info: GET /api/events/16
2025-07-29 14:57:39 info: GET /api/events
2025-07-29 14:57:43 info: GET /api/events/29
2025-07-29 15:04:07 info: GET /api/events
2025-07-29 15:04:09 info: GET /api/events/17
2025-07-29 17:14:53 info: GET /api/events?search=&category=
2025-07-29 17:14:58 info: GET /api/events?search=penny&category=
2025-07-29 17:14:59 info: GET /api/events?search=&category=
2025-07-29 17:15:06 info: GET /api/events?search=fest&category=
2025-07-29 17:15:10 info: GET /api/events?search=fest&category=MUSIC
2025-07-29 17:15:12 info: GET /api/events?search=fest&category=SPORTS
2025-07-29 17:15:13 info: GET /api/events?search=fest&category=TECHNOLOGY
2025-07-29 17:15:14 info: GET /api/events?search=fest&category=BUSINESS
2025-07-29 17:15:28 info: GET /api/events?search=fest&category=BUSINESS
2025-07-29 17:15:39 info: GET /api/events?search=fest&category=BUSINESS
2025-07-29 17:15:40 info: GET /api/events?search=fest&category=BUSINESS
2025-07-29 17:15:42 info: GET /api/events?search=&category=
2025-07-29 17:15:44 info: GET /api/events/16
2025-07-29 17:15:46 info: GET /api/events?search=&category=
2025-07-29 17:15:47 info: GET /api/events?search=&category=TECHNOLOGY
2025-07-29 17:15:50 info: GET /api/events?search=&category=MUSIC
2025-07-29 17:16:21 info: GET /api/events?search=&category=MUSIC
2025-07-29 17:16:34 info: GET /api/events?search=&category=MUSIC
2025-07-29 17:16:35 info: GET /api/events/19
2025-07-29 17:16:36 info: GET /api/events?search=&category=
2025-07-29 17:16:38 info: GET /api/events?search=&category=SPORTS
2025-07-29 17:16:40 info: GET /api/events?search=&category=SPORTS
2025-07-29 17:16:42 info: GET /api/events?search=aaa&category=SPORTS
2025-07-29 17:16:44 info: GET /api/events?search=&category=SPORTS
2025-07-29 17:16:45 info: GET /api/events?search=feast&category=SPORTS
2025-07-29 17:16:47 info: GET /api/events?search=feast&category=
2025-07-29 17:16:49 info: GET /api/events?search=a&category=
2025-07-29 17:16:51 info: GET /api/events?search=&category=
2025-07-29 17:16:52 info: GET /api/events?search=pwn&category=
2025-07-29 17:16:54 info: GET /api/events?search=pen&category=
2025-07-29 17:17:20 info: GET /api/events?search=pen&category=
2025-07-29 17:17:23 info: GET /api/events?search=pen&category=MUSIC
2025-07-29 17:18:40 info: GET /api/events?search=pen&category=MUSIC
2025-07-29 17:18:41 info: GET /api/events?search=pen&category=MUSIC
2025-07-29 17:18:43 info: GET /api/events?search=pen&category=MUSIC
2025-07-29 17:19:18 info: GET /api/events?search=&category=
2025-07-29 17:19:18 info: GET /api/events?search=&category=
2025-07-29 17:19:19 info: GET /api/events/16
2025-07-29 17:19:20 info: GET /api/events?search=&category=
2025-07-29 17:19:21 info: GET /api/events?search=&category=SPORTS
2025-07-29 17:19:25 info: GET /api/events?search=&category=SPORTS
2025-07-29 17:19:32 info: GET /api/events?search=&category=
2025-07-29 17:19:40 info: GET /api/events?search=&category=
2025-07-29 17:20:46 info: GET /api/events?search=&category=
2025-07-29 17:21:02 info: GET /api/events?search=&category=
2025-07-29 17:21:03 info: GET /api/events?search=&category=
2025-07-29 17:21:23 info: GET /api/events?search=&category=SPORTS
2025-07-29 17:22:29 info: GET /api/events?search=&category=SPORTS
2025-07-29 17:22:39 info: GET /api/events?search=&category=SPORTS
2025-07-29 17:22:40 info: GET /api/events?search=&category=SPORTS
2025-07-29 17:22:43 info: GET /api/events?search=&category=MUSIC
2025-07-29 19:56:24 info: GET /api/events?search=&category=
2025-07-29 19:56:27 info: GET /api/events?search=&category=
2025-07-29 19:56:28 info: GET /api/events?search=&category=
2025-07-29 19:56:34 info: GET /api/events?search=&category=
2025-07-29 19:56:39 info: GET /api/events?search=penny&category=
2025-07-29 19:56:39 info: GET /api/events?search=penny&category=
2025-07-29 19:56:42 info: GET /api/events?search=&category=
2025-07-29 19:56:42 info: GET /api/events?search=&category=
2025-07-29 19:56:44 info: GET /api/events?search=&category=MUSIC
2025-07-29 19:56:44 info: GET /api/events?search=&category=MUSIC
2025-07-29 19:56:55 info: GET /api/events?search=&category=MUSIC
2025-07-29 19:57:00 info: GET /api/events?search=&category=
2025-07-29 19:57:01 info: GET /api/events?search=&category=
2025-07-29 20:01:01 info: GET /api/events?search=&category=
2025-07-29 20:01:59 info: GET /api/events?search=&category=
2025-07-29 20:01:59 info: GET /api/events?search=&category=
2025-07-29 20:02:00 info: GET /api/events?search=&category=
2025-07-29 20:02:02 info: GET /api/events?search=&category=
2025-07-29 20:02:03 info: GET /api/events?search=&category=
2025-07-29 20:02:10 info: GET /api/events/20
2025-07-29 20:02:15 info: GET /api/events/20
2025-07-29 20:02:59 info: GET /api/events/20
2025-07-29 20:03:00 info: GET /api/events/20
2025-07-29 20:03:01 info: GET /api/events/20
2025-07-29 20:03:02 info: GET /api/events/20
2025-07-29 20:03:16 info: GET /api/events?search=&category=
2025-07-29 20:03:17 info: GET /api/events?search=&category=
2025-07-29 20:03:17 info: GET /api/events?search=&category=
2025-07-29 20:03:34 info: GET /api/events?search=&category=
2025-07-29 20:04:19 info: GET /api/events?search=&category=
2025-07-29 20:04:21 info: GET /api/events?search=asdsada&category=
2025-07-29 20:04:21 info: GET /api/events?search=asdsada&category=
2025-07-29 20:04:23 info: GET /api/events?search=asdsad&category=
2025-07-29 20:04:24 info: GET /api/events?search=asdsad&category=
2025-07-29 20:04:25 info: GET /api/events?search=lorem&category=
2025-07-29 20:04:25 info: GET /api/events?search=lorem&category=
2025-07-29 20:04:26 info: GET /api/events?search=&category=
2025-07-29 20:04:26 info: GET /api/events?search=&category=
2025-07-29 20:04:29 info: GET /api/events?search=penny&category=
2025-07-29 20:04:29 info: GET /api/events?search=penny&category=
2025-07-29 20:06:05 info: GET /api/events?search=penny&category=
2025-07-29 20:06:06 info: GET /api/events?search=&category=
2025-07-29 20:06:06 info: GET /api/events?search=&category=
2025-07-29 20:06:33 info: GET /api/events?search=&category=
2025-07-29 20:07:32 info: GET /api/events?search=&category=
2025-07-29 20:08:10 info: GET /api/events?search=&category=
2025-07-29 20:08:12 info: GET /api/events?search=&category=
2025-07-29 20:08:13 info: GET /api/events?search=&category=
2025-07-29 20:08:15 info: GET /api/events?search=&category=MUSIC
2025-07-29 20:08:16 info: GET /api/events?search=&category=MUSIC
2025-07-29 20:08:17 info: GET /api/events?search=&category=MUSIC
2025-07-29 20:08:22 info: GET /api/events?search=&category=MUSIC
2025-07-29 20:09:07 info: GET /api/events?search=&category=MUSIC
2025-07-29 21:10:33 info: POST /api/auth/register
2025-07-29 21:13:55 info: POST /api/auth/register
2025-07-29 21:16:22 info: POST /api/auth/register
2025-07-29 21:17:30 info: POST /api/auth/register
2025-07-29 21:19:05 info: POST /api/auth/register
2025-07-29 21:19:28 info: POST /api/auth/register
2025-07-29 21:19:47 info: POST /api/auth/register
2025-07-29 22:26:45 info: POST /api/auth/register
2025-07-29 22:26:57 info: POST /api/auth/register
2025-07-29 22:26:59 info: POST /api/auth/register
2025-07-29 22:27:10 info: POST /api/auth/register
2025-07-30 20:04:50 info: GET /api/events?search=&category=
2025-07-30 20:04:51 info: GET /api/events?search=&category=
2025-07-30 20:04:52 info: GET /api/events?search=&category=
2025-07-30 20:04:53 info: GET /api/events?search=&category=
2025-07-30 20:04:54 info: GET /api/events?search=&category=
2025-07-30 20:04:54 info: GET /api/events?search=&category=
2025-07-30 20:04:58 info: GET /api/events?search=&category=
2025-07-30 20:05:00 info: GET /api/events?search=&category=
2025-07-30 20:08:02 info: POST /api/events
2025-07-30 20:09:34 info: POST /api/events
2025-07-30 20:09:38 info: GET /api/events/36
2025-07-30 20:09:49 info: GET /api/events?search=&category=
2025-07-30 20:09:50 info: GET /api/events?search=&category=
2025-07-30 20:09:50 info: GET /api/events?search=&category=
2025-07-30 20:09:50 info: GET /api/events?search=&category=
2025-07-30 20:09:56 info: GET /api/events?search=&category=
2025-07-30 20:09:56 info: GET /api/events?search=&category=
2025-07-30 20:09:57 info: GET /api/events?search=&category=
2025-07-30 20:10:00 info: GET /api/events/34
2025-07-30 20:10:37 info: GET /api/events/34
2025-07-30 20:10:45 info: GET /api/events/34
2025-07-30 20:10:46 info: GET /api/events/34
2025-07-30 20:10:48 info: GET /api/events/34
2025-07-30 20:10:52 info: GET /api/events/34
2025-07-30 20:10:58 info: GET /api/events/34
2025-07-30 20:11:37 info: GET /api/events/34
2025-07-30 20:11:38 info: GET /api/events/34
2025-07-30 20:11:41 info: GET /api/events?search=&category=
2025-07-30 20:11:41 info: GET /api/events?search=&category=
2025-07-30 20:11:42 info: GET /api/events?search=&category=
2025-07-30 20:11:49 info: GET /api/events?search=&category=MUSIC
2025-07-30 20:11:49 info: GET /api/events?search=&category=MUSIC
2025-07-30 20:11:51 info: GET /api/events?search=&category=TECHNOLOGY
2025-07-30 20:11:51 info: GET /api/events?search=&category=TECHNOLOGY
2025-07-30 20:11:54 info: GET /api/events/36
2025-07-31 12:59:30 info: GET /api/events?search=&category=
2025-07-31 13:01:47 info: GET /api/events?search=&category=
2025-07-31 13:05:28 info: GET /api/events?search=&category=
2025-07-31 13:05:28 info: GET /api/events?search=&category=
2025-07-31 13:05:29 info: GET /api/events?search=&category=
2025-07-31 13:05:29 info: GET /api/events?search=&category=
2025-07-31 13:05:32 info: GET /api/events?search=&category=
2025-07-31 13:05:32 info: GET /api/events?search=&category=
2025-07-31 13:05:32 info: GET /api/events?search=&category=
2025-07-31 13:05:37 info: GET /api/events?search=&category=
2025-07-31 13:05:44 info: GET /api/events?search=&category=
2025-07-31 13:05:45 info: GET /api/events?search=&category=
2025-07-31 13:05:45 info: GET /api/events?search=&category=
2025-07-31 13:05:46 info: GET /api/events?search=&category=
2025-07-31 13:06:00 info: GET /api/events?search=&category=
2025-07-31 13:06:01 info: GET /api/events?search=&category=
2025-07-31 13:06:04 info: GET /api/events?search=&category=
2025-07-31 13:07:33 info: GET /api/events?search=&category=
2025-07-31 13:10:09 info: GET /api/events?search=&category=
2025-07-31 13:10:10 info: GET /api/events?search=&category=
2025-07-31 13:10:12 info: GET /api/events?search=&category=
2025-08-01 10:42:13 info: GET /api/health
2025-08-01 10:42:14 info: GET /favicon.ico
2025-08-01 11:28:54 info: GET /api/events?search=&category=
2025-08-01 11:28:55 info: GET /api/events?search=&category=
2025-08-01 11:28:55 info: GET /api/events?search=&category=
2025-08-01 11:29:09 info: GET /api/events?search=&category=
2025-08-01 11:29:09 info: GET /api/events?search=&category=
2025-08-01 11:29:09 info: GET /api/events?search=&category=
2025-08-01 11:29:10 info: GET /api/events?search=&category=
2025-08-01 11:29:10 info: GET /api/events?search=&category=
2025-08-01 11:29:10 info: GET /api/events?search=&category=
2025-08-01 11:29:25 info: GET /api/events?search=&category=
2025-08-01 11:29:25 info: GET /api/events?search=&category=
2025-08-01 11:29:25 info: GET /api/events?search=&category=
2025-08-01 11:29:34 info: GET /api/events?search=&category=
2025-08-01 11:29:34 info: GET /api/events?search=&category=
2025-08-01 11:29:35 info: GET /api/events?search=&category=
2025-08-01 11:29:40 info: GET /api/events?search=&category=
2025-08-01 11:29:40 info: GET /api/events?search=&category=
2025-08-01 11:29:40 info: GET /api/events?search=&category=
2025-08-01 11:30:10 info: GET /api/events?search=&category=
2025-08-02 09:38:08 info: GET /api/events?search=&category=
2025-08-02 09:38:09 info: GET /api/events?search=&category=
2025-08-02 09:38:10 info: GET /api/events?search=&category=
2025-08-02 09:38:15 info: GET /api/events?search=&category=
2025-08-02 09:38:19 info: GET /api/events?search=ww&category=
2025-08-02 09:38:19 info: GET /api/events?search=ww&category=
2025-08-02 09:38:22 info: GET /api/events?search=&category=
2025-08-02 09:38:22 info: GET /api/events?search=&category=
2025-08-02 09:38:23 info: GET /api/events?search=pp&category=
2025-08-02 09:38:23 info: GET /api/events?search=pp&category=
2025-08-02 09:38:25 info: GET /api/events?search=pp&category=
2025-08-02 09:38:25 info: GET /api/events?search=&category=
2025-08-02 09:38:25 info: GET /api/events?search=&category=
2025-08-02 09:38:27 info: GET /api/events?search=na&category=
2025-08-02 09:38:27 info: GET /api/events?search=na&category=
2025-08-02 09:38:29 info: GET /api/events?search=&category=
2025-08-02 09:38:29 info: GET /api/events?search=&category=
2025-08-02 09:38:39 info: GET /api/events?search=&category=BUSINESS
2025-08-02 09:38:39 info: GET /api/events?search=&category=BUSINESS
2025-08-02 10:30:36 info: GET /api/events?search=&category=BUSINESS
2025-08-02 14:01:13 info: POST /api/auth/register
2025-08-02 14:02:06 info: POST /api/auth/register/customer
2025-08-02 14:02:43 info: POST /api/auth/register/customer
2025-08-02 14:03:43 info: POST /api/auth/register/customer
2025-08-02 14:20:16 info: POST /api/auth/register/customer
2025-08-02 14:20:16 error: undefined
2025-08-02 14:20:27 info: POST /api/auth/register/customer
2025-08-02 14:20:27 error: undefined
2025-08-02 14:26:46 error: undefined
2025-08-02 14:26:58 info: POST /api/auth/register/customer
2025-08-02 14:26:58 error: undefined
2025-08-02 14:27:20 info: POST /api/auth/register/customer
2025-08-02 14:27:20 error: undefined
2025-08-02 14:27:31 info: POST /api/auth/register/customer
2025-08-02 14:29:39 info: POST /api/auth/register/customer
2025-08-02 14:29:49 info: POST /api/auth/register/customer
2025-08-02 17:59:11 info: POST /api/vouchers
2025-08-02 17:59:18 info: POST /api/vouchers
2025-08-02 17:59:18 error: undefined
2025-08-02 17:59:34 info: POST /api/vouchers
2025-08-02 17:59:34 error: undefined
2025-08-02 18:00:04 info: POST /api/vouchers
2025-08-03 10:40:31 info: GET /api/events?search=&category=
2025-08-03 10:40:33 info: GET /api/events?search=&category=
2025-08-03 10:40:33 info: GET /api/events?search=&category=
2025-08-03 10:40:36 info: GET /api/events?search=&category=
2025-08-03 10:40:39 info: GET /api/events?search=&category=
2025-08-03 11:00:24 info: POST /api/vouchers
2025-08-03 14:42:00 info: GET /api/events?search=&category=
2025-08-03 14:42:34 info: POST /api/auth/login
2025-08-03 14:42:35 info: POST /api/auth/login
2025-08-03 14:42:36 info: GET /api/events?search=&category=
2025-08-03 14:42:36 info: GET /api/events?search=&category=
2025-08-03 14:42:36 info: GET /api/events?search=&category=
2025-08-03 14:42:36 info: GET /api/events?search=&category=
2025-08-03 15:02:30 info: GET /api/events?search=&category=
2025-08-03 15:06:01 info: POST /api/auth/login
2025-08-03 15:06:02 info: GET /api/events?search=&category=
2025-08-03 15:06:02 info: GET /api/events?search=&category=
2025-08-03 15:06:02 info: GET /api/events?search=&category=
2025-08-03 15:06:03 info: GET /api/events?search=&category=
2025-08-03 15:23:31 info: GET /api/events?search=&category=
2025-08-03 15:28:42 info: GET /api/events?search=&category=
2025-08-03 15:45:26 info: GET /api/events?search=&category=
2025-08-03 15:45:27 info: GET /api/events?search=&category=
2025-08-03 15:45:27 info: GET /api/events?search=&category=
2025-08-03 15:51:36 info: POST /api/auth/login
2025-08-03 15:51:38 info: POST /api/auth/login
2025-08-03 15:51:39 info: GET /api/events?search=&category=
2025-08-03 15:51:39 info: GET /api/events?search=&category=
2025-08-03 15:51:39 info: GET /api/events?search=&category=
2025-08-03 15:51:39 info: GET /api/events?search=&category=
2025-08-03 15:57:06 info: GET /api/events?search=&category=
2025-08-03 16:03:47 info: GET /api/events?search=&category=
2025-08-03 16:04:34 info: GET /api/events?search=&category=
2025-08-03 16:05:09 info: GET /api/events?search=&category=
2025-08-03 16:05:40 info: GET /api/events?search=&category=
2025-08-03 16:05:50 info: GET /api/events?search=&category=
2025-08-03 16:08:14 info: GET /api/events?search=&category=
2025-08-03 16:08:19 info: GET /api/events?search=&category=
2025-08-03 16:08:37 info: POST /api/auth/login
2025-08-03 16:08:37 info: GET /api/events?search=&category=
2025-08-03 16:08:38 info: GET /api/events?search=&category=
2025-08-03 16:08:38 info: GET /api/events?search=&category=
2025-08-03 16:08:38 info: GET /api/events?search=&category=
2025-08-03 16:18:16 info: GET /api/events?search=&category=
2025-08-03 16:19:19 info: POST /api/auth/register
2025-08-03 16:19:19 error: undefined
2025-08-03 16:19:22 info: POST /api/auth/register
2025-08-03 16:19:22 error: undefined
2025-08-03 16:19:26 info: POST /api/auth/register
2025-08-03 16:19:26 error: undefined
2025-08-03 16:19:27 info: POST /api/auth/register
2025-08-03 16:19:27 error: undefined
2025-08-03 16:19:36 info: POST /api/auth/register
2025-08-03 16:19:36 error: undefined
2025-08-03 16:24:42 info: POST /api/auth/register
2025-08-03 16:24:43 error: undefined
2025-08-03 16:24:44 info: POST /api/auth/register
2025-08-03 16:24:44 error: undefined
2025-08-03 16:24:50 info: POST /api/auth/register
2025-08-03 16:24:50 error: undefined
2025-08-03 16:24:58 info: POST /api/auth/register
2025-08-03 16:25:44 info: POST /api/auth/register
2025-08-03 16:25:44 error: undefined
2025-08-03 16:30:25 info: POST /api/auth/login
2025-08-03 16:30:25 error: undefined
2025-08-03 16:30:32 info: POST /api/auth/login
2025-08-03 16:30:32 error: undefined
2025-08-03 16:30:32 info: POST /api/auth/login
2025-08-03 16:30:32 error: undefined
2025-08-03 16:30:33 info: POST /api/auth/login
2025-08-03 16:30:33 error: undefined
2025-08-03 16:30:33 info: POST /api/auth/login
2025-08-03 16:30:33 error: undefined
2025-08-03 16:30:33 info: POST /api/auth/login
2025-08-03 16:30:33 error: undefined
2025-08-03 16:30:33 info: POST /api/auth/login
2025-08-03 16:30:33 error: undefined
2025-08-03 16:30:33 info: POST /api/auth/login
2025-08-03 16:30:33 error: undefined
2025-08-03 16:30:34 info: POST /api/auth/login
2025-08-03 16:30:34 error: undefined
2025-08-03 16:30:37 info: POST /api/auth/login
2025-08-03 16:30:37 error: undefined
2025-08-03 16:30:51 info: POST /api/auth/login
2025-08-03 16:30:51 error: undefined
2025-08-03 16:30:52 info: POST /api/auth/login
2025-08-03 16:30:52 error: undefined
2025-08-03 16:31:12 info: GET /api/events?search=&category=
2025-08-03 16:31:13 info: GET /api/events?search=&category=
2025-08-03 16:31:13 info: GET /api/events?search=&category=
2025-08-03 16:32:51 info: POST /api/auth/login
2025-08-03 16:32:52 error: undefined
2025-08-03 16:32:52 info: POST /api/auth/login
2025-08-03 16:32:53 error: undefined
2025-08-03 16:33:04 info: POST /api/auth/login
2025-08-03 16:33:04 error: undefined
2025-08-03 16:33:05 info: POST /api/auth/login
2025-08-03 16:33:05 error: undefined
2025-08-03 16:33:24 info: POST /api/auth/login
2025-08-03 16:33:25 error: undefined
2025-08-03 16:34:03 info: POST /api/auth/login
2025-08-03 16:34:04 info: GET /api/events?search=&category=
2025-08-03 16:34:04 info: GET /api/events?search=&category=
2025-08-03 16:34:04 info: GET /api/events?search=&category=
2025-08-03 16:34:04 info: GET /api/events?search=&category=
2025-08-03 16:34:43 info: POST /api/auth/register
2025-08-03 16:35:03 info: POST /api/auth/login
2025-08-03 16:35:04 info: GET /api/events?search=&category=
2025-08-03 16:35:04 info: GET /api/events?search=&category=
2025-08-03 16:35:04 info: GET /api/events?search=&category=
2025-08-03 16:35:04 info: GET /api/events?search=&category=
2025-08-03 16:40:52 info: GET /api/events?search=&category=
2025-08-03 16:41:48 info: GET /api/events?search=&category=
2025-08-03 16:42:26 info: GET /api/events?search=&category=
2025-08-03 16:42:31 info: GET /api/events/2
2025-08-03 16:42:37 info: GET /api/events?search=&category=
2025-08-03 16:42:37 info: GET /api/events?search=&category=
2025-08-03 16:42:38 info: GET /api/events?search=&category=
2025-08-03 16:42:49 info: GET /api/events?search=&category=
2025-08-03 16:42:49 info: GET /api/events?search=&category=
2025-08-03 16:42:49 info: GET /api/events?search=&category=
2025-08-03 16:44:08 info: GET /api/events?search=&category=
2025-08-03 16:44:49 info: POST /api/auth/register
2025-08-03 16:44:49 error: undefined
2025-08-03 16:44:50 info: POST /api/auth/register
2025-08-03 16:44:50 error: undefined
2025-08-03 16:44:51 info: POST /api/auth/register
2025-08-03 16:44:51 error: undefined
2025-08-03 16:44:53 info: POST /api/auth/register
2025-08-03 16:44:53 error: undefined
2025-08-03 16:49:53 info: POST /api/auth/register
2025-08-03 16:49:53 error: undefined
2025-08-03 16:49:54 info: POST /api/auth/register
2025-08-03 16:49:54 error: undefined
2025-08-03 16:49:59 info: POST /api/auth/register
2025-08-03 16:49:59 error: undefined
2025-08-03 16:50:00 info: POST /api/auth/register
2025-08-03 16:50:00 error: undefined
2025-08-03 16:50:01 info: POST /api/auth/register
2025-08-03 16:50:01 error: undefined
2025-08-03 16:50:48 info: POST /api/auth/register
2025-08-03 16:51:29 info: POST /api/auth/register
2025-08-03 16:51:29 error: undefined
2025-08-03 16:51:30 info: POST /api/auth/register
2025-08-03 16:51:30 error: undefined
2025-08-03 16:53:58 info: POST /api/auth/register
2025-08-03 16:53:58 error: undefined
2025-08-03 16:55:40 info: GET /api/events?search=&category=BUSINESS
2025-08-03 16:57:15 info: POST /api/auth/register
2025-08-03 16:57:15 error: undefined
2025-08-03 17:01:02 info: GET /api/auth/register
2025-08-03 17:01:02 info: GET /favicon.ico
2025-08-03 17:06:26 info: POST /api/auth/register
2025-08-03 17:06:42 info: POST /api/auth/register
2025-08-03 17:06:56 info: POST /api/auth/register
2025-08-03 17:07:32 info: POST /api/auth/register
2025-08-03 17:07:41 info: POST /api/auth/register
2025-08-03 17:11:42 info: POST /api/auth/register
2025-08-03 17:11:59 info: POST /api/auth/register
2025-08-03 17:11:59 error: undefined
2025-08-03 17:16:31 info: POST /api/auth/register
2025-08-03 17:19:27 info: POST /api/auth/register
2025-08-03 17:19:27 error: undefined
2025-08-03 17:19:28 info: POST /api/auth/register
2025-08-03 17:19:28 error: undefined
2025-08-03 17:19:34 info: POST /api/auth/register
2025-08-03 18:18:52 info: POST /api/auth/login
2025-08-03 18:18:53 error: undefined
2025-08-03 18:18:55 info: POST /api/auth/login
2025-08-03 18:18:55 error: undefined
2025-08-03 18:19:03 info: POST /api/auth/login
2025-08-03 18:19:03 error: undefined
2025-08-03 18:19:03 info: POST /api/auth/login
2025-08-03 18:19:03 error: undefined
2025-08-03 18:19:03 info: POST /api/auth/login
2025-08-03 18:19:03 error: undefined
2025-08-03 18:19:04 info: POST /api/auth/login
2025-08-03 18:19:04 error: undefined
2025-08-03 18:19:04 info: POST /api/auth/login
2025-08-03 18:19:04 error: undefined
2025-08-03 18:19:23 info: POST /api/auth/login
2025-08-03 18:19:23 error: undefined
2025-08-03 18:19:24 info: POST /api/auth/login
2025-08-03 18:19:24 error: undefined
2025-08-03 18:19:24 info: POST /api/auth/login
2025-08-03 18:19:24 error: undefined
2025-08-03 18:19:24 info: POST /api/auth/login
2025-08-03 18:19:24 error: undefined
2025-08-03 18:19:25 info: POST /api/auth/login
2025-08-03 18:19:25 error: undefined
2025-08-03 18:19:25 info: POST /api/auth/login
2025-08-03 18:19:25 error: undefined
2025-08-03 18:19:28 info: GET /api/events?search=&category=BUSINESS
2025-08-03 18:19:35 info: GET /api/events?search=&category=
2025-08-03 18:19:35 info: GET /api/events?search=&category=
2025-08-03 18:19:36 info: GET /api/events?search=&category=
2025-08-03 18:20:05 info: POST /api/auth/login
2025-08-03 18:20:06 info: GET /api/events?search=&category=
2025-08-03 18:20:06 info: GET /api/events?search=&category=
2025-08-03 18:20:06 info: GET /api/events?search=&category=
2025-08-03 18:20:06 info: GET /api/events?search=&category=
2025-08-03 18:20:23 info: GET /api/auth/profile
2025-08-03 18:28:47 info: GET /api/events?search=&category=
2025-08-03 18:28:47 info: GET /api/events?search=&category=
2025-08-03 18:28:47 info: GET /api/events?search=&category=
2025-08-03 18:29:04 info: GET /api/events/5
2025-08-03 18:29:12 info: GET /api/events?search=&category=
2025-08-03 18:29:12 info: GET /api/events?search=&category=
2025-08-03 18:29:12 info: GET /api/events?search=&category=
2025-08-03 18:37:42 info: GET /api/events/14
2025-08-03 18:37:47 info: GET /api/events?search=&category=
2025-08-03 18:37:47 info: GET /api/events?search=&category=
2025-08-03 18:37:47 info: GET /api/events?search=&category=
2025-08-03 19:15:00 info: GET /api/events?search=&category=
2025-08-03 19:15:02 info: GET /api/events?search=&category=
2025-08-03 19:15:11 info: GET /api/auth/profile
2025-08-03 19:59:22 info: GET /api/auth/profile
2025-08-03 19:59:37 info: GET /api/auth/profile
2025-08-03 19:59:40 info: GET /api/auth/profile
2025-08-03 19:59:56 info: GET /api/auth/profile
2025-08-03 20:00:03 info: GET /api/auth/profile
2025-08-03 20:01:09 info: GET /api/auth/profile
2025-08-03 20:01:12 info: GET /api/auth/profile
2025-08-03 20:04:47 info: GET /api/auth/profile
2025-08-03 20:06:57 info: GET /api/auth/profile
2025-08-03 20:08:57 info: GET /api/auth/profile
2025-08-03 20:09:02 info: GET /api/auth/profile
2025-08-03 20:09:52 info: GET /api/auth/profile
2025-08-03 20:11:02 info: GET /api/auth/profile
2025-08-03 20:11:17 info: GET /api/auth/profile
2025-08-03 20:11:17 info: GET /api/auth/profile
2025-08-03 20:11:53 info: GET /api/auth/profile
2025-08-03 20:12:15 info: GET /api/auth/profile
2025-08-03 20:14:46 info: GET /api/auth/profile
2025-08-03 20:24:14 info: GET /api/auth/profile
2025-08-03 20:46:54 info: GET /api/auth/profile
2025-08-03 20:46:59 info: GET /api/events?search=&category=
2025-08-03 20:46:59 info: GET /api/events?search=&category=
2025-08-03 20:47:00 info: GET /api/events?search=&category=
2025-08-03 20:47:03 info: GET /api/events?search=&category=
2025-08-03 20:47:04 info: GET /api/events?search=&category=
2025-08-03 20:47:04 info: GET /api/events?search=&category=
2025-08-03 20:47:32 info: POST /api/auth/login
2025-08-03 20:47:33 info: POST /api/auth/login
2025-08-03 20:47:34 info: GET /api/events?search=&category=
2025-08-03 20:47:34 info: GET /api/events?search=&category=
2025-08-03 20:47:34 info: GET /api/events?search=&category=
2025-08-03 20:47:34 info: GET /api/events?search=&category=
2025-08-03 20:47:44 info: GET /api/auth/profile
2025-08-03 21:00:18 info: GET /api/auth/profile
2025-08-03 21:00:18 info: GET /api/auth/profile
2025-08-03 21:09:58 info: GET /api/auth/profile
2025-08-03 21:09:58 info: GET /api/auth/profile
2025-08-03 21:21:29 info: GET /api/auth/profile
2025-08-03 21:21:29 info: GET /api/auth/profile
2025-08-03 21:59:06 info: POST /api/auth/login
2025-08-03 21:59:06 error: undefined
